<?xml version="1.0" encoding="UTF-8"?>
<!-- Generated by org.testng.reporters.JUnitXMLReporter -->
<testsuite ignored="6" hostname="EM-025-MLAKSHMI" failures="1" tests="1" name="Default test" time="34.379" errors="0" timestamp="2024-07-15T12:37:44 IST">
  <testcase classname="com.testscript.AssertSample" name="fontClrShowmsg" time="0.036">
    <failure type="java.lang.ClassCastException" message="class org.openqa.selenium.remote.RemoteWebElement cannot be cast to class org.openqa.selenium.By (org.openqa.selenium.remote.RemoteWebElement and org.openqa.selenium.By are in unnamed module of loader &amp;apos;app&amp;apos;)">
      <![CDATA[java.lang.ClassCastException: class org.openqa.selenium.remote.RemoteWebElement cannot be cast to class org.openqa.selenium.By (org.openqa.selenium.remote.RemoteWebElement and org.openqa.selenium.By are in unnamed module of loader 'app')
at com.testscript.AssertSample.fontClrShowmsg(AssertSample.java:42)
at java.base/jdk.internal.reflect.NativeMethodAccessorImpl.invoke0(Native Method)
at java.base/jdk.internal.reflect.NativeMethodAccessorImpl.invoke(NativeMethodAccessorImpl.java:77)
at java.base/jdk.internal.reflect.DelegatingMethodAccessorImpl.invoke(DelegatingMethodAccessorImpl.java:43)
at java.base/java.lang.reflect.Method.invoke(Method.java:568)
at org.testng.internal.invokers.MethodInvocationHelper.invokeMethod(MethodInvocationHelper.java:139)
at org.testng.internal.invokers.TestInvoker.invokeMethod(TestInvoker.java:664)
at org.testng.internal.invokers.TestInvoker.invokeTestMethod(TestInvoker.java:227)
at org.testng.internal.invokers.MethodRunner.runInSequence(MethodRunner.java:50)
at org.testng.internal.invokers.TestInvoker$MethodInvocationAgent.invoke(TestInvoker.java:957)
at org.testng.internal.invokers.TestInvoker.invokeTestMethods(TestInvoker.java:200)
at org.testng.internal.invokers.TestMethodWorker.invokeTestMethods(TestMethodWorker.java:148)
at org.testng.internal.invokers.TestMethodWorker.run(TestMethodWorker.java:128)
at java.base/java.util.ArrayList.forEach(ArrayList.java:1511)
at org.testng.TestRunner.privateRun(TestRunner.java:848)
at org.testng.TestRunner.run(TestRunner.java:621)
at org.testng.SuiteRunner.runTest(SuiteRunner.java:443)
at org.testng.SuiteRunner.runSequentially(SuiteRunner.java:437)
at org.testng.SuiteRunner.privateRun(SuiteRunner.java:397)
at org.testng.SuiteRunner.run(SuiteRunner.java:336)
at org.testng.SuiteRunnerWorker.runSuite(SuiteRunnerWorker.java:52)
at org.testng.SuiteRunnerWorker.run(SuiteRunnerWorker.java:95)
at org.testng.TestNG.runSuitesSequentially(TestNG.java:1280)
at org.testng.TestNG.runSuitesLocally(TestNG.java:1200)
at org.testng.TestNG.runSuites(TestNG.java:1114)
at org.testng.TestNG.run(TestNG.java:1082)
at org.testng.remote.AbstractRemoteTestNG.run(AbstractRemoteTestNG.java:115)
at org.testng.remote.RemoteTestNG.initAndRun(RemoteTestNG.java:251)
at org.testng.remote.RemoteTestNG.main(RemoteTestNG.java:77)
]]>
    </failure>
  </testcase> <!-- fontClrShowmsg -->
  <testcase classname="com.testscript.AssertSample" name="backgrdClrGetTotal" time="0.0">
    <ignored/>
  </testcase> <!-- backgrdClrGetTotal -->
  <testcase classname="com.testscript.AssertSample" name="verifyBackgroundButtonShowMessage" time="0.0">
    <ignored/>
  </testcase> <!-- verifyBackgroundButtonShowMessage -->
  <testcase classname="com.testscript.AssertSample" name="falseButtonCase" time="0.0">
    <ignored/>
  </testcase> <!-- falseButtonCase -->
  <testcase classname="com.testscript.AssertSample" name="verifyBackgroundClrGetTotal" time="0.0">
    <ignored/>
  </testcase> <!-- verifyBackgroundClrGetTotal -->
  <testcase classname="com.testscript.AssertSample" name="radioButton1" time="0.0">
    <ignored/>
  </testcase> <!-- radioButton1 -->
  <testcase classname="com.testscript.AssertSample" name="twoInputFields" time="0.0">
    <ignored/>
  </testcase> <!-- twoInputFields -->
</testsuite> <!-- Default test -->
